05:08:922237 | RELAY2 | RCVD | DATA | 100 | CLIENT | RELAY2 |
05:08:711298 | RELAY2 | SENT | DATA | 100 | RELAY2 | SERVER |
05:08:711967 | RELAY2 | RCVD | ACK | 100 | SERVER | RELAY2 |
05:08:712351 | RELAY2 | SENT | ACK | 100 | RELAY2 | CLIENT |
05:08:712477 | RELAY2 | RCVD | DATA | 300 | CLIENT | RELAY2 |
05:08:309551 | RELAY2 | SENT | DATA | 300 | RELAY2 | SERVER |
05:08:309919 | RELAY2 | RCVD | ACK | 300 | SERVER | RELAY2 |
05:08:310027 | RELAY2 | SENT | ACK | 300 | RELAY2 | CLIENT |
05:08:310324 | RELAY2 | RCVD | DATA | 500 | CLIENT | RELAY2 |
05:08:705673 | RELAY2 | SENT | DATA | 500 | RELAY2 | SERVER |
05:08:706015 | RELAY2 | RCVD | ACK | 500 | SERVER | RELAY2 |
05:08:706166 | RELAY2 | SENT | ACK | 500 | RELAY2 | CLIENT |
05:08:706447 | RELAY2 | RCVD | DATA | 700 | CLIENT | RELAY2 |
05:08:243127 | RELAY2 | SENT | DATA | 700 | RELAY2 | SERVER |
05:08:243359 | RELAY2 | RCVD | ACK | 700 | SERVER | RELAY2 |
05:08:243441 | RELAY2 | SENT | ACK | 700 | RELAY2 | CLIENT |
05:08:243676 | RELAY2 | RCVD | DATA | 900 | CLIENT | RELAY2 |
05:08:351824 | RELAY2 | SENT | DATA | 900 | RELAY2 | SERVER |
05:08:352191 | RELAY2 | RCVD | ACK | 900 | SERVER | RELAY2 |
05:08:352296 | RELAY2 | SENT | ACK | 900 | RELAY2 | CLIENT |
05:08:352651 | RELAY2 | RCVD | DATA | 1100 | CLIENT | RELAY2 |
05:08:610698 | RELAY2 | SENT | DATA | 1100 | RELAY2 | SERVER |
05:08:611044 | RELAY2 | RCVD | ACK | 1100 | SERVER | RELAY2 |
05:08:611132 | RELAY2 | SENT | ACK | 1100 | RELAY2 | CLIENT |
05:08:611575 | RELAY2 | RCVD | DATA | 1300 | CLIENT | RELAY2 |
05:08:638545 | RELAY2 | SENT | DATA | 1300 | RELAY2 | SERVER |
05:08:638667 | RELAY2 | RCVD | ACK | 1300 | SERVER | RELAY2 |
05:08:638712 | RELAY2 | SENT | ACK | 1300 | RELAY2 | CLIENT |
05:08:638725 | RELAY2 | RCVD | DATA | 1500 | CLIENT | RELAY2 |
05:08:471208 | RELAY2 | SENT | DATA | 1500 | RELAY2 | SERVER |
05:08:471309 | RELAY2 | RCVD | ACK | 1500 | SERVER | RELAY2 |
05:08:471333 | RELAY2 | SENT | ACK | 1500 | RELAY2 | CLIENT |
05:08:471403 | RELAY2 | RCVD | DATA | 1700 | CLIENT | RELAY2 |
05:08:906205 | RELAY2 | SENT | DATA | 1700 | RELAY2 | SERVER |
05:08:906505 | RELAY2 | RCVD | ACK | 1700 | SERVER | RELAY2 |
05:08:906621 | RELAY2 | SENT | ACK | 1700 | RELAY2 | CLIENT |
05:08:906794 | RELAY2 | RCVD | DATA | 1900 | CLIENT | RELAY2 |
05:08:120936 | RELAY2 | SENT | DATA | 1900 | RELAY2 | SERVER |
05:08:121207 | RELAY2 | RCVD | ACK | 1900 | SERVER | RELAY2 |
05:08:121276 | RELAY2 | SENT | ACK | 1900 | RELAY2 | CLIENT |
05:08:121521 | RELAY2 | RCVD | DATA | 2100 | CLIENT | RELAY2 |
05:08:607497 | RELAY2 | SENT | DATA | 2100 | RELAY2 | SERVER |
05:08:607718 | RELAY2 | RCVD | ACK | 2100 | SERVER | RELAY2 |
05:08:607781 | RELAY2 | SENT | ACK | 2100 | RELAY2 | CLIENT |
05:08:607816 | RELAY2 | RCVD | DATA | 2300 | CLIENT | RELAY2 |
05:08:216314 | RELAY2 | SENT | DATA | 2300 | RELAY2 | SERVER |
05:08:216415 | RELAY2 | RCVD | ACK | 2300 | SERVER | RELAY2 |
05:08:216443 | RELAY2 | SENT | ACK | 2300 | RELAY2 | CLIENT |
05:08:216521 | RELAY2 | RCVD | DATA | 2500 | CLIENT | RELAY2 |
05:08:018596 | RELAY2 | SENT | DATA | 2500 | RELAY2 | SERVER |
05:08:018874 | RELAY2 | RCVD | ACK | 2500 | SERVER | RELAY2 |
05:08:019061 | RELAY2 | SENT | ACK | 2500 | RELAY2 | CLIENT |
05:08:019133 | RELAY2 | RCVD | DATA | 2700 | CLIENT | RELAY2 |
05:08:236919 | RELAY2 | SENT | DATA | 2700 | RELAY2 | SERVER |
05:08:237056 | RELAY2 | RCVD | ACK | 2700 | SERVER | RELAY2 |
05:08:237150 | RELAY2 | SENT | ACK | 2700 | RELAY2 | CLIENT |
05:08:237465 | RELAY2 | RCVD | DATA | 2900 | CLIENT | RELAY2 |
05:08:674181 | RELAY2 | SENT | DATA | 2900 | RELAY2 | SERVER |
05:08:674299 | RELAY2 | RCVD | ACK | 2900 | SERVER | RELAY2 |
05:08:674384 | RELAY2 | SENT | ACK | 2900 | RELAY2 | CLIENT |
05:08:674404 | RELAY2 | RCVD | DATA | 3100 | CLIENT | RELAY2 |
05:08:352790 | RELAY2 | SENT | DATA | 3100 | RELAY2 | SERVER |
05:08:353031 | RELAY2 | RCVD | ACK | 3100 | SERVER | RELAY2 |
05:08:353110 | RELAY2 | SENT | ACK | 3100 | RELAY2 | CLIENT |
05:08:353610 | RELAY2 | RCVD | DATA | 3300 | CLIENT | RELAY2 |
05:08:945915 | RELAY2 | SENT | DATA | 3300 | RELAY2 | SERVER |
05:08:946001 | RELAY2 | RCVD | ACK | 3300 | SERVER | RELAY2 |
05:08:946263 | RELAY2 | SENT | ACK | 3300 | RELAY2 | CLIENT |
05:08:946299 | RELAY2 | RCVD | DATA | 3500 | CLIENT | RELAY2 |
05:08:995336 | RELAY2 | SENT | DATA | 3500 | RELAY2 | SERVER |
05:08:995804 | RELAY2 | RCVD | ACK | 3500 | SERVER | RELAY2 |
05:08:995902 | RELAY2 | SENT | ACK | 3500 | RELAY2 | CLIENT |
05:08:996861 | RELAY2 | RCVD | DATA | 3700 | CLIENT | RELAY2 |
05:08:942637 | RELAY2 | SENT | DATA | 3700 | RELAY2 | SERVER |
05:08:943167 | RELAY2 | RCVD | ACK | 3700 | SERVER | RELAY2 |
05:08:943357 | RELAY2 | SENT | ACK | 3700 | RELAY2 | CLIENT |
05:08:943423 | RELAY2 | RCVD | DATA | 3900 | CLIENT | RELAY2 |
05:08:486322 | RELAY2 | SENT | DATA | 3900 | RELAY2 | SERVER |
05:08:486609 | RELAY2 | RCVD | ACK | 3900 | SERVER | RELAY2 |
05:08:486729 | RELAY2 | SENT | ACK | 3900 | RELAY2 | CLIENT |
05:08:486983 | RELAY2 | RCVD | DATA | 4100 | CLIENT | RELAY2 |
05:08:026987 | RELAY2 | SENT | DATA | 4100 | RELAY2 | SERVER |
05:08:027261 | RELAY2 | RCVD | ACK | 4100 | SERVER | RELAY2 |
05:08:027388 | RELAY2 | SENT | ACK | 4100 | RELAY2 | CLIENT |
05:08:027432 | RELAY2 | RCVD | DATA | 4300 | CLIENT | RELAY2 |
05:08:810691 | RELAY2 | SENT | DATA | 4300 | RELAY2 | SERVER |
05:08:810978 | RELAY2 | RCVD | ACK | 4300 | SERVER | RELAY2 |
05:08:811067 | RELAY2 | SENT | ACK | 4300 | RELAY2 | CLIENT |
05:08:811283 | RELAY2 | RCVD | DATA | 4500 | CLIENT | RELAY2 |
05:08:516524 | RELAY2 | SENT | DATA | 4500 | RELAY2 | SERVER |
05:08:517130 | RELAY2 | RCVD | ACK | 4500 | SERVER | RELAY2 |
05:08:517270 | RELAY2 | SENT | ACK | 4500 | RELAY2 | CLIENT |
05:08:517352 | RELAY2 | RCVD | DATA | 4700 | CLIENT | RELAY2 |
05:08:355604 | RELAY2 | SENT | DATA | 4700 | RELAY2 | SERVER |
05:08:355836 | RELAY2 | RCVD | ACK | 4700 | SERVER | RELAY2 |
05:08:355953 | RELAY2 | SENT | ACK | 4700 | RELAY2 | CLIENT |
05:08:356193 | RELAY2 | RCVD | DATA | 4900 | CLIENT | RELAY2 |
05:08:255069 | RELAY2 | SENT | DATA | 4900 | RELAY2 | SERVER |
05:08:255422 | RELAY2 | RCVD | ACK | 4900 | SERVER | RELAY2 |
05:08:255559 | RELAY2 | SENT | ACK | 4900 | RELAY2 | CLIENT |
05:08:255626 | RELAY2 | RCVD | DATA | 5100 | CLIENT | RELAY2 |
05:08:428080 | RELAY2 | SENT | DATA | 5100 | RELAY2 | SERVER |
05:08:428512 | RELAY2 | RCVD | ACK | 5100 | SERVER | RELAY2 |
05:08:428774 | RELAY2 | SENT | ACK | 5100 | RELAY2 | CLIENT |
05:08:429171 | RELAY2 | RCVD | DATA | 5300 | CLIENT | RELAY2 |
05:08:755933 | RELAY2 | SENT | DATA | 5300 | RELAY2 | SERVER |
05:08:756169 | RELAY2 | RCVD | ACK | 5300 | SERVER | RELAY2 |
05:08:756294 | RELAY2 | SENT | ACK | 5300 | RELAY2 | CLIENT |
05:08:756435 | RELAY2 | RCVD | DATA | 5500 | CLIENT | RELAY2 |
05:08:454520 | RELAY2 | SENT | DATA | 5500 | RELAY2 | SERVER |
05:08:454764 | RELAY2 | RCVD | ACK | 5500 | SERVER | RELAY2 |
05:08:454906 | RELAY2 | SENT | ACK | 5500 | RELAY2 | CLIENT |
05:08:455466 | RELAY2 | RCVD | DATA | 5700 | CLIENT | RELAY2 |
05:08:495721 | RELAY2 | SENT | DATA | 5700 | RELAY2 | SERVER |
05:08:495775 | RELAY2 | RCVD | ACK | 5700 | SERVER | RELAY2 |
05:08:495802 | RELAY2 | SENT | ACK | 5700 | RELAY2 | CLIENT |
05:08:495813 | RELAY2 | RCVD | DATA | 5900 | CLIENT | RELAY2 |
05:08:622096 | RELAY2 | SENT | DATA | 5900 | RELAY2 | SERVER |
05:08:622189 | RELAY2 | RCVD | ACK | 5900 | SERVER | RELAY2 |
05:08:622223 | RELAY2 | SENT | ACK | 5900 | RELAY2 | CLIENT |
05:08:622271 | RELAY2 | RCVD | DATA | 6100 | CLIENT | RELAY2 |
05:08:622285 | RELAY2 | DROP | DATA | 6100 | CLIENT | RELAY2 |
05:08:622302 | RELAY2 | RCVD | DATA | 6300 | CLIENT | RELAY2 |
05:08:426877 | RELAY2 | SENT | DATA | 6300 | RELAY2 | SERVER |
05:08:427046 | RELAY2 | RCVD | ACK | 6300 | SERVER | RELAY2 |
05:08:427105 | RELAY2 | SENT | ACK | 6300 | RELAY2 | CLIENT |
05:08:429016 | RELAY2 | RCVD | DATA | 6100 | CLIENT | RELAY2 |
05:08:962481 | RELAY2 | SENT | DATA | 6100 | RELAY2 | SERVER |
05:08:962526 | RELAY2 | RCVD | ACK | 6100 | SERVER | RELAY2 |
05:08:962555 | RELAY2 | SENT | ACK | 6100 | RELAY2 | CLIENT |
05:08:962599 | RELAY2 | RCVD | DATA | 6500 | CLIENT | RELAY2 |
05:08:962627 | RELAY2 | DROP | DATA | 6500 | CLIENT | RELAY2 |
05:08:962667 | RELAY2 | RCVD | DATA | 6700 | CLIENT | RELAY2 |
05:08:483480 | RELAY2 | SENT | DATA | 6700 | RELAY2 | SERVER |
05:08:483938 | RELAY2 | RCVD | ACK | 6700 | SERVER | RELAY2 |
05:08:484086 | RELAY2 | SENT | ACK | 6700 | RELAY2 | CLIENT |
05:08:487376 | RELAY2 | RCVD | DATA | 6500 | CLIENT | RELAY2 |
05:08:823126 | RELAY2 | SENT | DATA | 6500 | RELAY2 | SERVER |
05:08:823206 | RELAY2 | RCVD | ACK | 6500 | SERVER | RELAY2 |
05:08:823333 | RELAY2 | SENT | ACK | 6500 | RELAY2 | CLIENT |
05:08:823554 | RELAY2 | RCVD | DATA | 6900 | CLIENT | RELAY2 |
05:08:902272 | RELAY2 | SENT | DATA | 6900 | RELAY2 | SERVER |
05:08:902302 | RELAY2 | RCVD | ACK | 6900 | SERVER | RELAY2 |
05:08:902377 | RELAY2 | SENT | ACK | 6900 | RELAY2 | CLIENT |
05:08:902401 | RELAY2 | RCVD | DATA | 7100 | CLIENT | RELAY2 |
05:09:766183 | RELAY2 | SENT | DATA | 7100 | RELAY2 | SERVER |
05:09:766401 | RELAY2 | RCVD | ACK | 7100 | SERVER | RELAY2 |
05:09:766452 | RELAY2 | SENT | ACK | 7100 | RELAY2 | CLIENT |
05:09:766565 | RELAY2 | RCVD | DATA | 7300 | CLIENT | RELAY2 |
05:09:208625 | RELAY2 | SENT | DATA | 7300 | RELAY2 | SERVER |
05:09:208809 | RELAY2 | RCVD | ACK | 7300 | SERVER | RELAY2 |
05:09:208863 | RELAY2 | SENT | ACK | 7300 | RELAY2 | CLIENT |
05:09:208879 | RELAY2 | RCVD | DATA | 7500 | CLIENT | RELAY2 |
05:09:686061 | RELAY2 | SENT | DATA | 7500 | RELAY2 | SERVER |
05:09:686258 | RELAY2 | RCVD | ACK | 7500 | SERVER | RELAY2 |
05:09:686294 | RELAY2 | SENT | ACK | 7500 | RELAY2 | CLIENT |
05:09:686425 | RELAY2 | RCVD | DATA | 7700 | CLIENT | RELAY2 |
05:09:394701 | RELAY2 | SENT | DATA | 7700 | RELAY2 | SERVER |
05:09:394950 | RELAY2 | RCVD | ACK | 7700 | SERVER | RELAY2 |
05:09:395043 | RELAY2 | SENT | ACK | 7700 | RELAY2 | CLIENT |
05:09:395087 | RELAY2 | RCVD | DATA | 7900 | CLIENT | RELAY2 |
05:09:727201 | RELAY2 | SENT | DATA | 7900 | RELAY2 | SERVER |
05:09:727328 | RELAY2 | RCVD | ACK | 7900 | SERVER | RELAY2 |
05:09:727369 | RELAY2 | SENT | ACK | 7900 | RELAY2 | CLIENT |
05:09:727731 | RELAY2 | RCVD | DATA | 8100 | CLIENT | RELAY2 |
05:09:488070 | RELAY2 | SENT | DATA | 8100 | RELAY2 | SERVER |
05:09:488543 | RELAY2 | RCVD | ACK | 8100 | SERVER | RELAY2 |
05:09:488715 | RELAY2 | SENT | ACK | 8100 | RELAY2 | CLIENT |
05:09:488784 | RELAY2 | RCVD | DATA | 8300 | CLIENT | RELAY2 |
05:09:149647 | RELAY2 | SENT | DATA | 8300 | RELAY2 | SERVER |
05:09:149956 | RELAY2 | RCVD | ACK | 8300 | SERVER | RELAY2 |
05:09:150081 | RELAY2 | SENT | ACK | 8300 | RELAY2 | CLIENT |
